<?xml version="1.0" encoding="UTF-8"?>
<!-- Generated by org.testng.reporters.JUnitReportReporter -->
<testsuite hostname="P1-1DV4DB3-L" failures="0" tests="1" name="getRequest.GetData" time="2.497" errors="0" timestamp="2024-03-23T23:56:47 IST" skipped="0">
  <testcase classname="getRequest.GetData" name="testResponse" time="2.497"/>
  <system-out/>
</testsuite> <!-- getRequest.GetData -->
